This file contains any messages produced by compilers while
running configure, to aid debugging if configure makes a mistake.

It was created by configure, which was
generated by GNU Autoconf 2.69.  Invocation command line was

  $ ./configure --disable-option-checking --cache-file=/dev/null --srcdir=/Users/johnmelody_mynapse/Downloads/otp_src_22.3/make

## --------- ##
## Platform. ##
## --------- ##

hostname = Johns-Mac-mini.mynapse.lan
uname -m = x86_64
uname -r = 19.4.0
uname -s = Darwin
uname -v = Darwin Kernel Version 19.4.0: Wed Mar  4 22:28:40 PST 2020; root:xnu-6153.101.6~15/RELEASE_X86_64

/usr/bin/uname -p = i386
/bin/uname -X     = unknown

/bin/arch              = unknown
/usr/bin/arch -k       = unknown
/usr/convex/getsysinfo = unknown
/usr/bin/hostinfo      = Mach kernel version:
	 Darwin Kernel Version 19.4.0: Wed Mar  4 22:28:40 PST 2020; root:xnu-6153.101.6~15/RELEASE_X86_64
Kernel configured for up to 6 processors.
6 processors are physically available.
6 processors are logically available.
Processor type: x86_64h (Intel x86-64h Haswell)
Processors active: 0 1 2 3 4 5
Primary memory available: 16.00 gigabytes
Default processor set: 666 tasks, 3206 threads, 6 processors
Load average: 10.55, Mach factor: 1.13
/bin/machine           = unknown
/usr/bin/oslevel       = unknown
/bin/universe          = unknown

PATH: /Library/Frameworks/Python.framework/Versions/3.8/bin
PATH: /usr/local/bin
PATH: /usr/bin
PATH: /bin
PATH: /usr/sbin
PATH: /sbin
PATH: /Library/TeX/texbin
PATH: /Library/Apple/usr/bin
PATH: /Users/johnmelody_mynapse/flutter/bin
PATH: /Users/johnmelody_mynapse/adb


## ----------- ##
## Core tests. ##
## ----------- ##

configure:2710: checking build system type
configure:2724: result: x86_64-apple-darwin19.4.0
configure:2744: checking host system type
configure:2757: result: x86_64-apple-darwin19.4.0
configure:2859: checking for gcc
configure:2875: found /usr/bin/gcc
configure:2886: result: gcc
configure:3115: checking for C compiler version
configure:3124: gcc --version >&5
Apple clang version 11.0.3 (clang-1103.0.32.62)
Target: x86_64-apple-darwin19.4.0
Thread model: posix
InstalledDir: /Applications/Xcode.app/Contents/Developer/Toolchains/XcodeDefault.xctoolchain/usr/bin
Configured with: --prefix=/Applications/Xcode.app/Contents/Developer/usr --with-gxx-include-dir=/Applications/Xcode.app/Contents/Developer/Platforms/MacOSX.platform/Developer/SDKs/MacOSX.sdk/usr/include/c++/4.2.1
configure:3135: $? = 0
configure:3124: gcc -v >&5
Configured with: --prefix=/Applications/Xcode.app/Contents/Developer/usr --with-gxx-include-dir=/Applications/Xcode.app/Contents/Developer/Platforms/MacOSX.platform/Developer/SDKs/MacOSX.sdk/usr/include/c++/4.2.1
Apple clang version 11.0.3 (clang-1103.0.32.62)
Target: x86_64-apple-darwin19.4.0
Thread model: posix
InstalledDir: /Applications/Xcode.app/Contents/Developer/Toolchains/XcodeDefault.xctoolchain/usr/bin
configure:3135: $? = 0
configure:3124: gcc -V >&5
clang: error: unsupported option '-V -Wno-objc-signed-char-bool-implicit-int-conversion'
clang: error: no input files
configure:3135: $? = 1
configure:3124: gcc -qversion >&5
clang: error: unknown argument '-qversion'; did you mean '--version'?
clang: error: no input files
configure:3135: $? = 1
configure:3155: checking whether the C compiler works
configure:3177: gcc    conftest.c  >&5
configure:3181: $? = 0
configure:3229: result: yes
configure:3232: checking for C compiler default output file name
configure:3234: result: a.out
configure:3240: checking for suffix of executables
configure:3247: gcc -o conftest    conftest.c  >&5
configure:3251: $? = 0
configure:3273: result: 
configure:3295: checking whether we are cross compiling
configure:3303: gcc -o conftest    conftest.c  >&5
configure:3307: $? = 0
configure:3314: ./conftest
configure:3318: $? = 0
configure:3333: result: no
configure:3338: checking for suffix of object files
configure:3360: gcc -c   conftest.c >&5
configure:3364: $? = 0
configure:3385: result: o
configure:3389: checking whether we are using the GNU C compiler
configure:3408: gcc -c   conftest.c >&5
configure:3408: $? = 0
configure:3417: result: yes
configure:3426: checking whether gcc accepts -g
configure:3446: gcc -c -g  conftest.c >&5
configure:3446: $? = 0
configure:3487: result: yes
configure:3504: checking for gcc option to accept ISO C89
configure:3567: gcc  -c -g -O2  conftest.c >&5
configure:3567: $? = 0
configure:3580: result: none needed
configure:3658: checking for g++
configure:3674: found /usr/bin/g++
configure:3685: result: g++
configure:3712: checking for C++ compiler version
configure:3721: g++ --version >&5
Apple clang version 11.0.3 (clang-1103.0.32.62)
Target: x86_64-apple-darwin19.4.0
Thread model: posix
InstalledDir: /Applications/Xcode.app/Contents/Developer/Toolchains/XcodeDefault.xctoolchain/usr/bin
Configured with: --prefix=/Applications/Xcode.app/Contents/Developer/usr --with-gxx-include-dir=/Applications/Xcode.app/Contents/Developer/Platforms/MacOSX.platform/Developer/SDKs/MacOSX.sdk/usr/include/c++/4.2.1
configure:3732: $? = 0
configure:3721: g++ -v >&5
Configured with: --prefix=/Applications/Xcode.app/Contents/Developer/usr --with-gxx-include-dir=/Applications/Xcode.app/Contents/Developer/Platforms/MacOSX.platform/Developer/SDKs/MacOSX.sdk/usr/include/c++/4.2.1
Apple clang version 11.0.3 (clang-1103.0.32.62)
Target: x86_64-apple-darwin19.4.0
Thread model: posix
InstalledDir: /Applications/Xcode.app/Contents/Developer/Toolchains/XcodeDefault.xctoolchain/usr/bin
configure:3732: $? = 0
configure:3721: g++ -V >&5
clang: error: unsupported option '-V -Wno-objc-signed-char-bool-implicit-int-conversion'
clang: error: no input files
configure:3732: $? = 1
configure:3721: g++ -qversion >&5
clang: error: unknown argument '-qversion'; did you mean '--version'?
clang: error: no input files
configure:3732: $? = 1
configure:3736: checking whether we are using the GNU C++ compiler
configure:3755: g++ -c   conftest.cpp >&5
configure:3755: $? = 0
configure:3764: result: yes
configure:3773: checking whether g++ accepts -g
configure:3793: g++ -c -g  conftest.cpp >&5
configure:3793: $? = 0
configure:3834: result: yes
configure:3900: checking for ld
configure:3916: found /usr/bin/ld
configure:3927: result: ld
configure:3957: checking for mixed cygwin or msys and native VC++ environment
configure:3980: result: no
configure:3996: checking for mixed cygwin and native MinGW environment
configure:4012: result: no
configure:4021: checking if we mix cygwin with any native compiler
configure:4027: result: no
configure:4033: checking if we mix msys with another native compiler
configure:4039: result: no
configure:4052: checking for env
configure:4070: found /usr/bin/env
configure:4083: result: /usr/bin/env
configure:4098: checking for GNU make
configure:4132: result: yes (make)
configure:4152: checking for a BSD-compatible install
configure:4220: result: /usr/bin/install -c
configure:4238: checking whether ln -s works
configure:4242: result: yes
configure:4292: checking for ranlib
configure:4308: found /usr/bin/ranlib
configure:4319: result: ranlib
configure:4345: checking for perl5
configure:4379: result: no
configure:4345: checking for perl
configure:4364: found /usr/bin/perl
configure:4376: result: /usr/bin/perl
configure:4400: checking ERTS version
configure:4403: result: 10.7
configure:4410: checking OTP release
configure:4413: result: 22
configure:4417: checking OTP version
configure:4420: result: 22.3
configure:4664: gcc -c -g -O2  conftest.c >&5
configure:4664: $? = 0
configure:4688: checking how to run the C preprocessor
configure:4719: gcc -E  conftest.c
configure:4719: $? = 0
configure:4733: gcc -E  conftest.c
conftest.c:9:10: fatal error: 'ac_nonexistent.h' file not found
#include <ac_nonexistent.h>
         ^~~~~~~~~~~~~~~~~~
1 error generated.
configure:4733: $? = 1
configure: failed program was:
| /* confdefs.h */
| #define PACKAGE_NAME ""
| #define PACKAGE_TARNAME ""
| #define PACKAGE_VERSION ""
| #define PACKAGE_STRING ""
| #define PACKAGE_BUGREPORT ""
| #define PACKAGE_URL ""
| /* end confdefs.h.  */
| #include <ac_nonexistent.h>
configure:4758: result: gcc -E
configure:4778: gcc -E  conftest.c
configure:4778: $? = 0
configure:4792: gcc -E  conftest.c
conftest.c:9:10: fatal error: 'ac_nonexistent.h' file not found
#include <ac_nonexistent.h>
         ^~~~~~~~~~~~~~~~~~
1 error generated.
configure:4792: $? = 1
configure: failed program was:
| /* confdefs.h */
| #define PACKAGE_NAME ""
| #define PACKAGE_TARNAME ""
| #define PACKAGE_VERSION ""
| #define PACKAGE_STRING ""
| #define PACKAGE_BUGREPORT ""
| #define PACKAGE_URL ""
| /* end confdefs.h.  */
| #include <ac_nonexistent.h>
configure:4821: checking for grep that handles long lines and -e
configure:4879: result: /usr/bin/grep
configure:4884: checking for egrep
configure:4946: result: /usr/bin/grep -E
configure:4951: checking for ANSI C header files
configure:4971: gcc -c -g -O2  conftest.c >&5
configure:4971: $? = 0
configure:5044: gcc -o conftest -g -O2   conftest.c  >&5
configure:5044: $? = 0
configure:5044: ./conftest
configure:5044: $? = 0
configure:5055: result: yes
configure:5068: checking for sys/types.h
configure:5068: gcc -c -g -O2  conftest.c >&5
configure:5068: $? = 0
configure:5068: result: yes
configure:5068: checking for sys/stat.h
configure:5068: gcc -c -g -O2  conftest.c >&5
configure:5068: $? = 0
configure:5068: result: yes
configure:5068: checking for stdlib.h
configure:5068: gcc -c -g -O2  conftest.c >&5
configure:5068: $? = 0
configure:5068: result: yes
configure:5068: checking for string.h
configure:5068: gcc -c -g -O2  conftest.c >&5
configure:5068: $? = 0
configure:5068: result: yes
configure:5068: checking for memory.h
configure:5068: gcc -c -g -O2  conftest.c >&5
configure:5068: $? = 0
configure:5068: result: yes
configure:5068: checking for strings.h
configure:5068: gcc -c -g -O2  conftest.c >&5
configure:5068: $? = 0
configure:5068: result: yes
configure:5068: checking for inttypes.h
configure:5068: gcc -c -g -O2  conftest.c >&5
configure:5068: $? = 0
configure:5068: result: yes
configure:5068: checking for stdint.h
configure:5068: gcc -c -g -O2  conftest.c >&5
configure:5068: $? = 0
configure:5068: result: yes
configure:5068: checking for unistd.h
configure:5068: gcc -c -g -O2  conftest.c >&5
configure:5068: $? = 0
configure:5068: result: yes
configure:5089: checking for native win32 threads
configure:5099: result: no
configure:5107: checking for pthread_create in -lpthread
configure:5132: gcc -o conftest -g -O2   conftest.c -lpthread   >&5
conftest.c:26:6: warning: declaration of built-in function 'pthread_create' requires inclusion of the header <pthread.h> [-Wbuiltin-requires-header]
char pthread_create ();
     ^
1 warning generated.
configure:5132: $? = 0
configure:5141: result: yes
configure:5509: checking pthread.h usability
configure:5509: gcc -c -g -O2   -D_THREAD_SAFE -D_REENTRANT -DPOSIX_THREADS conftest.c >&5
configure:5509: $? = 0
configure:5509: result: yes
configure:5509: checking pthread.h presence
configure:5509: gcc -E   -D_THREAD_SAFE -D_REENTRANT -DPOSIX_THREADS conftest.c
configure:5509: $? = 0
configure:5509: result: yes
configure:5509: checking for pthread.h
configure:5509: result: yes
configure:5518: checking pthread/mit/pthread.h usability
configure:5518: gcc -c -g -O2   -D_THREAD_SAFE -D_REENTRANT -DPOSIX_THREADS conftest.c >&5
conftest.c:53:10: fatal error: 'pthread/mit/pthread.h' file not found
#include <pthread/mit/pthread.h>
         ^~~~~~~~~~~~~~~~~~~~~~~
1 error generated.
configure:5518: $? = 1
configure: failed program was:
| /* confdefs.h */
| #define PACKAGE_NAME ""
| #define PACKAGE_TARNAME ""
| #define PACKAGE_VERSION ""
| #define PACKAGE_STRING ""
| #define PACKAGE_BUGREPORT ""
| #define PACKAGE_URL ""
| #define STDC_HEADERS 1
| #define HAVE_SYS_TYPES_H 1
| #define HAVE_SYS_STAT_H 1
| #define HAVE_STDLIB_H 1
| #define HAVE_STRING_H 1
| #define HAVE_MEMORY_H 1
| #define HAVE_STRINGS_H 1
| #define HAVE_INTTYPES_H 1
| #define HAVE_STDINT_H 1
| #define HAVE_UNISTD_H 1
| #define HAVE_PTHREAD_H 1
| /* end confdefs.h.  */
| #include <stdio.h>
| #ifdef HAVE_SYS_TYPES_H
| # include <sys/types.h>
| #endif
| #ifdef HAVE_SYS_STAT_H
| # include <sys/stat.h>
| #endif
| #ifdef STDC_HEADERS
| # include <stdlib.h>
| # include <stddef.h>
| #else
| # ifdef HAVE_STDLIB_H
| #  include <stdlib.h>
| # endif
| #endif
| #ifdef HAVE_STRING_H
| # if !defined STDC_HEADERS && defined HAVE_MEMORY_H
| #  include <memory.h>
| # endif
| # include <string.h>
| #endif
| #ifdef HAVE_STRINGS_H
| # include <strings.h>
| #endif
| #ifdef HAVE_INTTYPES_H
| # include <inttypes.h>
| #endif
| #ifdef HAVE_STDINT_H
| # include <stdint.h>
| #endif
| #ifdef HAVE_UNISTD_H
| # include <unistd.h>
| #endif
| #include <pthread/mit/pthread.h>
configure:5518: result: no
configure:5518: checking pthread/mit/pthread.h presence
configure:5518: gcc -E   -D_THREAD_SAFE -D_REENTRANT -DPOSIX_THREADS conftest.c
conftest.c:20:10: fatal error: 'pthread/mit/pthread.h' file not found
#include <pthread/mit/pthread.h>
         ^~~~~~~~~~~~~~~~~~~~~~~
1 error generated.
configure:5518: $? = 1
configure: failed program was:
| /* confdefs.h */
| #define PACKAGE_NAME ""
| #define PACKAGE_TARNAME ""
| #define PACKAGE_VERSION ""
| #define PACKAGE_STRING ""
| #define PACKAGE_BUGREPORT ""
| #define PACKAGE_URL ""
| #define STDC_HEADERS 1
| #define HAVE_SYS_TYPES_H 1
| #define HAVE_SYS_STAT_H 1
| #define HAVE_STDLIB_H 1
| #define HAVE_STRING_H 1
| #define HAVE_MEMORY_H 1
| #define HAVE_STRINGS_H 1
| #define HAVE_INTTYPES_H 1
| #define HAVE_STDINT_H 1
| #define HAVE_UNISTD_H 1
| #define HAVE_PTHREAD_H 1
| /* end confdefs.h.  */
| #include <pthread/mit/pthread.h>
configure:5518: result: no
configure:5518: checking for pthread/mit/pthread.h
configure:5518: result: no
configure:5562: checking if we can add -Wdeclaration-after-statement to DED_WARN_FLAGS (via CFLAGS)
configure:5577: gcc -c -Wdeclaration-after-statement -Wall -Wstrict-prototypes -Wmissing-prototypes  conftest.c >&5
configure:5577: $? = 0
configure:5585: result: yes
configure:5595: checking if we can add -Werror=return-type to DED_WERRORFLAGS (via CFLAGS)
configure:5610: gcc -c -Werror=return-type   conftest.c >&5
configure:5610: $? = 0
configure:5618: result: yes
configure:5627: checking if we can add -Werror=implicit to DED_WERRORFLAGS (via CFLAGS)
configure:5642: gcc -c -Werror=implicit -Werror=return-type   conftest.c >&5
configure:5642: $? = 0
configure:5650: result: yes
configure:5659: checking if we can add -Werror=undef to DED_WERRORFLAGS (via CFLAGS)
configure:5674: gcc -c -Werror=undef -Werror=implicit -Werror=return-type   conftest.c >&5
configure:5674: $? = 0
configure:5682: result: yes
configure:5707: checking if we can add -fno-common to DED_CFLAGS (via CFLAGS)
configure:5722: gcc -c -fno-common -g -O2    conftest.c >&5
configure:5722: $? = 0
configure:5730: result: yes
configure:5812: checking size of void *
configure:5817: gcc -o conftest -g -O2   conftest.c  >&5
configure:5817: $? = 0
configure:5817: ./conftest
configure:5817: $? = 0
configure:5831: result: 8
configure:5943: checking for ld
configure:5970: result: gcc
configure:5994: checking for static compiler flags
configure:5997: result: -Werror=undef -Werror=implicit -Werror=return-type    -D_THREAD_SAFE -D_REENTRANT -DPOSIX_THREADS -fno-common -g -O2   -fno-common -DSTATIC_ERLANG_NIF -DSTATIC_ERLANG_DRIVER
configure:5999: checking for basic compiler flags for loadable drivers
configure:6002: result: -fno-common -g -O2   -fPIC -fno-common
configure:6004: checking for compiler flags for loadable drivers
configure:6007: result: -Werror=undef -Werror=implicit -Werror=return-type  -Wdeclaration-after-statement -Wall -Wstrict-prototypes -Wmissing-prototypes  -D_THREAD_SAFE -D_REENTRANT -DPOSIX_THREADS -fno-common -g -O2   -fPIC -fno-common
configure:6009: checking for linker for loadable drivers
configure:6011: result: gcc
configure:6013: checking for linker flags for loadable drivers
configure:6015: result: -m64 -bundle -bundle_loader /Users/johnmelody_mynapse/Downloads/otp_src_22.3/bin/x86_64-apple-darwin19.4.0/beam.smp
configure:6017: checking for 'runtime library path' linker flag
configure:6023: result: not found
configure:6201: creating ./config.status

## ---------------------- ##
## Running config.status. ##
## ---------------------- ##

This file was extended by config.status, which was
generated by GNU Autoconf 2.69.  Invocation command line was

  CONFIG_FILES    = 
  CONFIG_HEADERS  = 
  CONFIG_LINKS    = 
  CONFIG_COMMANDS = 
  $ ./config.status 

on Johns-Mac-mini.mynapse.lan

config.status:809: creating ../Makefile
config.status:912: WARNING:  '../Makefile.in' seems to ignore the --datarootdir setting
config.status:809: creating output.mk
config.status:809: creating ../make/x86_64-apple-darwin19.4.0/otp_ded.mk
config.status:809: creating emd2exml

## ---------------- ##
## Cache variables. ##
## ---------------- ##

ac_cv_build=x86_64-apple-darwin19.4.0
ac_cv_c_compiler_gnu=yes
ac_cv_cxx_compiler_gnu=yes
ac_cv_env_AR_set=
ac_cv_env_AR_value=
ac_cv_env_CCC_set=
ac_cv_env_CCC_value=
ac_cv_env_CC_set=
ac_cv_env_CC_value=
ac_cv_env_CFLAGS_set=
ac_cv_env_CFLAGS_value=
ac_cv_env_CFLAG_RUNTIME_LIBRARY_PATH_set=
ac_cv_env_CFLAG_RUNTIME_LIBRARY_PATH_value=
ac_cv_env_CPPFLAGS_set=
ac_cv_env_CPPFLAGS_value=
ac_cv_env_CPP_set=
ac_cv_env_CPP_value=
ac_cv_env_CXXFLAGS_set=
ac_cv_env_CXXFLAGS_value=
ac_cv_env_CXX_set=
ac_cv_env_CXX_value=
ac_cv_env_DED_LDFLAGS_set=
ac_cv_env_DED_LDFLAGS_value=
ac_cv_env_DED_LD_FLAG_RUNTIME_LIBRARY_PATH_set=
ac_cv_env_DED_LD_FLAG_RUNTIME_LIBRARY_PATH_value=
ac_cv_env_DED_LD_set=
ac_cv_env_DED_LD_value=
ac_cv_env_ERL_TOP_set=set
ac_cv_env_ERL_TOP_value=/Users/johnmelody_mynapse/Downloads/otp_src_22.3
ac_cv_env_GETCONF_set=
ac_cv_env_GETCONF_value=
ac_cv_env_LDFLAGS_set=
ac_cv_env_LDFLAGS_value=
ac_cv_env_LD_set=
ac_cv_env_LD_value=
ac_cv_env_LFS_CFLAGS_set=
ac_cv_env_LFS_CFLAGS_value=
ac_cv_env_LFS_LDFLAGS_set=
ac_cv_env_LFS_LDFLAGS_value=
ac_cv_env_LFS_LIBS_set=
ac_cv_env_LFS_LIBS_value=
ac_cv_env_LIBS_set=
ac_cv_env_LIBS_value=
ac_cv_env_RANLIB_set=
ac_cv_env_RANLIB_value=
ac_cv_env_STATIC_CFLAGS_set=
ac_cv_env_STATIC_CFLAGS_value=
ac_cv_env_build_alias_set=
ac_cv_env_build_alias_value=
ac_cv_env_erl_xcomp_after_morecore_hook_set=
ac_cv_env_erl_xcomp_after_morecore_hook_value=
ac_cv_env_erl_xcomp_bigendian_set=
ac_cv_env_erl_xcomp_bigendian_value=
ac_cv_env_erl_xcomp_clock_gettime_cpu_time_set=
ac_cv_env_erl_xcomp_clock_gettime_cpu_time_value=
ac_cv_env_erl_xcomp_dlsym_brk_wrappers_set=
ac_cv_env_erl_xcomp_dlsym_brk_wrappers_value=
ac_cv_env_erl_xcomp_double_middle_endian_set=
ac_cv_env_erl_xcomp_double_middle_endian_value=
ac_cv_env_erl_xcomp_getaddrinfo_set=
ac_cv_env_erl_xcomp_getaddrinfo_value=
ac_cv_env_erl_xcomp_gethrvtime_procfs_ioctl_set=
ac_cv_env_erl_xcomp_gethrvtime_procfs_ioctl_value=
ac_cv_env_erl_xcomp_isysroot_set=
ac_cv_env_erl_xcomp_isysroot_value=
ac_cv_env_erl_xcomp_kqueue_set=
ac_cv_env_erl_xcomp_kqueue_value=
ac_cv_env_erl_xcomp_linux_nptl_set=
ac_cv_env_erl_xcomp_linux_nptl_value=
ac_cv_env_erl_xcomp_linux_usable_sigaltstack_set=
ac_cv_env_erl_xcomp_linux_usable_sigaltstack_value=
ac_cv_env_erl_xcomp_linux_usable_sigusrx_set=
ac_cv_env_erl_xcomp_linux_usable_sigusrx_value=
ac_cv_env_erl_xcomp_poll_set=
ac_cv_env_erl_xcomp_poll_value=
ac_cv_env_erl_xcomp_putenv_copy_set=
ac_cv_env_erl_xcomp_putenv_copy_value=
ac_cv_env_erl_xcomp_reliable_fpe_set=
ac_cv_env_erl_xcomp_reliable_fpe_value=
ac_cv_env_erl_xcomp_sysroot_set=
ac_cv_env_erl_xcomp_sysroot_value=
ac_cv_env_host_alias_set=
ac_cv_env_host_alias_value=
ac_cv_env_target_alias_set=
ac_cv_env_target_alias_value=
ac_cv_header_inttypes_h=yes
ac_cv_header_memory_h=yes
ac_cv_header_pthread_h=yes
ac_cv_header_pthread_mit_pthread_h=no
ac_cv_header_stdc=yes
ac_cv_header_stdint_h=yes
ac_cv_header_stdlib_h=yes
ac_cv_header_string_h=yes
ac_cv_header_strings_h=yes
ac_cv_header_sys_stat_h=yes
ac_cv_header_sys_types_h=yes
ac_cv_header_unistd_h=yes
ac_cv_host=x86_64-apple-darwin19.4.0
ac_cv_lib_pthread_pthread_create=yes
ac_cv_objext=o
ac_cv_path_EGREP='/usr/bin/grep -E'
ac_cv_path_ENV=/usr/bin/env
ac_cv_path_GREP=/usr/bin/grep
ac_cv_path_PERL=/usr/bin/perl
ac_cv_path_install='/usr/bin/install -c'
ac_cv_prog_CPP='gcc -E'
ac_cv_prog_ac_ct_CC=gcc
ac_cv_prog_ac_ct_CXX=g++
ac_cv_prog_ac_ct_DED_LD=gcc
ac_cv_prog_ac_ct_LD=ld
ac_cv_prog_ac_ct_RANLIB=ranlib
ac_cv_prog_cc_c89=
ac_cv_prog_cc_g=yes
ac_cv_prog_cxx_g=yes
ac_cv_sizeof_void_p=8

## ----------------- ##
## Output variables. ##
## ----------------- ##

AR=''
BOOTSTRAP_ONLY='no'
CC='gcc'
CFLAGS='-g -O2'
CFLAG_RUNTIME_LIBRARY_PATH=''
CPP='gcc -E'
CPPFLAGS=''
CROSS_COMPILING='no'
CXX='g++'
CXXFLAGS='-g -O2'
DED_BASIC_CFLAGS='-fno-common -g -O2   -fPIC -fno-common'
DED_CC='gcc'
DED_CFLAGS='-Werror=undef -Werror=implicit -Werror=return-type  -Wdeclaration-after-statement -Wall -Wstrict-prototypes -Wmissing-prototypes  -D_THREAD_SAFE -D_REENTRANT -DPOSIX_THREADS -fno-common -g -O2   -fPIC -fno-common'
DED_EXT='so'
DED_GCC='yes'
DED_INCLUDE='-I/Users/johnmelody_mynapse/Downloads/otp_src_22.3/erts/emulator/beam -I/Users/johnmelody_mynapse/Downloads/otp_src_22.3/erts/include -I/Users/johnmelody_mynapse/Downloads/otp_src_22.3/erts/include/x86_64-apple-darwin19.4.0 -I/Users/johnmelody_mynapse/Downloads/otp_src_22.3/erts/include/internal -I/Users/johnmelody_mynapse/Downloads/otp_src_22.3/erts/include/internal/x86_64-apple-darwin19.4.0 -I/Users/johnmelody_mynapse/Downloads/otp_src_22.3/erts/emulator/sys/unix -I/Users/johnmelody_mynapse/Downloads/otp_src_22.3/erts/emulator/sys/common'
DED_LD='gcc'
DED_LDFLAGS='-m64 -bundle -bundle_loader /Users/johnmelody_mynapse/Downloads/otp_src_22.3/bin/x86_64-apple-darwin19.4.0/beam.smp'
DED_LD_FLAG_RUNTIME_LIBRARY_PATH=''
DED_LIBS=''
DED_OSTYPE='unix'
DED_STATIC_CFLAGS='-Werror=undef -Werror=implicit -Werror=return-type    -D_THREAD_SAFE -D_REENTRANT -DPOSIX_THREADS -fno-common -g -O2   -fno-common -DSTATIC_ERLANG_NIF -DSTATIC_ERLANG_DRIVER'
DED_SYS_INCLUDE='-I/Users/johnmelody_mynapse/Downloads/otp_src_22.3/erts/emulator/beam -I/Users/johnmelody_mynapse/Downloads/otp_src_22.3/erts/include -I/Users/johnmelody_mynapse/Downloads/otp_src_22.3/erts/include/x86_64-apple-darwin19.4.0 -I/Users/johnmelody_mynapse/Downloads/otp_src_22.3/erts/include/internal -I/Users/johnmelody_mynapse/Downloads/otp_src_22.3/erts/include/internal/x86_64-apple-darwin19.4.0 -I/Users/johnmelody_mynapse/Downloads/otp_src_22.3/erts/emulator/sys/unix -I/Users/johnmelody_mynapse/Downloads/otp_src_22.3/erts/emulator/sys/common'
DED_THR_DEFS=' -D_THREAD_SAFE -D_REENTRANT -DPOSIX_THREADS'
DED_WARN_FLAGS='-Wdeclaration-after-statement -Wall -Wstrict-prototypes -Wmissing-prototypes'
DED_WERRORFLAGS='-Werror=undef -Werror=implicit -Werror=return-type '
DEFAULT_VERBOSITY='0'
DEFS='-DPACKAGE_NAME=\"\" -DPACKAGE_TARNAME=\"\" -DPACKAGE_VERSION=\"\" -DPACKAGE_STRING=\"\" -DPACKAGE_BUGREPORT=\"\" -DPACKAGE_URL=\"\" -DSTDC_HEADERS=1 -DHAVE_SYS_TYPES_H=1 -DHAVE_SYS_STAT_H=1 -DHAVE_STDLIB_H=1 -DHAVE_STRING_H=1 -DHAVE_MEMORY_H=1 -DHAVE_STRINGS_H=1 -DHAVE_INTTYPES_H=1 -DHAVE_STDINT_H=1 -DHAVE_UNISTD_H=1 -DHAVE_PTHREAD_H=1 -DSIZEOF_VOID_P=8'
ECHO_C='\c'
ECHO_N=''
ECHO_T=''
EGREP='/usr/bin/grep -E'
ENV='/usr/bin/env'
ERL_TOP='/Users/johnmelody_mynapse/Downloads/otp_src_22.3'
ERTS_VSN='10.7'
EXEEXT=''
GETCONF=''
GREP='/usr/bin/grep'
INSTALL_DATA='${INSTALL} -m 644'
INSTALL_PROGRAM='${INSTALL}'
INSTALL_SCRIPT='${INSTALL}'
LD='ld'
LDFLAGS=''
LFS_CFLAGS=''
LFS_LDFLAGS=''
LFS_LIBS=''
LIBOBJS=''
LIBS=''
LN_S='ln -s'
LTLIBOBJS=''
MAKE_PROG='make'
MIXED_CYGWIN='no'
MIXED_CYGWIN_MINGW='no'
MIXED_CYGWIN_VC='no'
MIXED_MSYS='no'
MIXED_MSYS_VC='no'
MIXED_VC='no'
NATIVE_LIBS_ENABLED=''
OBJEXT='o'
OTP_REL='22'
OTP_VSN='22.3'
PACKAGE_BUGREPORT=''
PACKAGE_NAME=''
PACKAGE_STRING=''
PACKAGE_TARNAME=''
PACKAGE_URL=''
PACKAGE_VERSION=''
PATH_SEPARATOR=':'
PERL='/usr/bin/perl'
RANLIB='ranlib'
SHELL='/bin/sh'
STATIC_CFLAGS=''
TARGET='x86_64-apple-darwin19.4.0'
ac_ct_CC='gcc'
ac_ct_CXX='g++'
bindir='${exec_prefix}/bin'
build='x86_64-apple-darwin19.4.0'
build_alias=''
build_cpu='x86_64'
build_os='darwin19.4.0'
build_vendor='apple'
datadir='${datarootdir}'
datarootdir='${prefix}/share'
docdir='${datarootdir}/doc/${PACKAGE}'
dvidir='${docdir}'
erl_xcomp_after_morecore_hook=''
erl_xcomp_bigendian=''
erl_xcomp_clock_gettime_cpu_time=''
erl_xcomp_dlsym_brk_wrappers=''
erl_xcomp_double_middle_endian=''
erl_xcomp_getaddrinfo=''
erl_xcomp_gethrvtime_procfs_ioctl=''
erl_xcomp_isysroot=''
erl_xcomp_kqueue=''
erl_xcomp_linux_nptl=''
erl_xcomp_linux_usable_sigaltstack=''
erl_xcomp_linux_usable_sigusrx=''
erl_xcomp_poll=''
erl_xcomp_putenv_copy=''
erl_xcomp_reliable_fpe=''
erl_xcomp_sysroot=''
exec_prefix='${prefix}'
host='x86_64-apple-darwin19.4.0'
host_alias=''
host_cpu='x86_64'
host_os='darwin19.4.0'
host_vendor='apple'
htmldir='${docdir}'
includedir='${prefix}/include'
infodir='${datarootdir}/info'
libdir='${exec_prefix}/lib'
libexecdir='${exec_prefix}/libexec'
localedir='${datarootdir}/locale'
localstatedir='${prefix}/var'
mandir='${datarootdir}/man'
oldincludedir='/usr/include'
pdfdir='${docdir}'
prefix='/usr/local'
program_transform_name='s,x,x,'
psdir='${docdir}'
sbindir='${exec_prefix}/sbin'
sharedstatedir='${prefix}/com'
sysconfdir='${prefix}/etc'
target_alias=''

## ----------- ##
## confdefs.h. ##
## ----------- ##

/* confdefs.h */
#define PACKAGE_NAME ""
#define PACKAGE_TARNAME ""
#define PACKAGE_VERSION ""
#define PACKAGE_STRING ""
#define PACKAGE_BUGREPORT ""
#define PACKAGE_URL ""
#define STDC_HEADERS 1
#define HAVE_SYS_TYPES_H 1
#define HAVE_SYS_STAT_H 1
#define HAVE_STDLIB_H 1
#define HAVE_STRING_H 1
#define HAVE_MEMORY_H 1
#define HAVE_STRINGS_H 1
#define HAVE_INTTYPES_H 1
#define HAVE_STDINT_H 1
#define HAVE_UNISTD_H 1
#define HAVE_PTHREAD_H 1
#define SIZEOF_VOID_P 8

configure: exit 0
